# JRE version: Java(TM) SE Runtime Environment (17.0.7+8) (build 17.0.7+8-LTS-224)
# Java VM: Java HotSpot(TM) 64-Bit Server VM (17.0.7+8-LTS-224, mixed mode, sharing, tiered, compressed oops, compressed class ptrs, g1 gc, windows-amd64)
GC Precious Log:
 CPUs: 8 total, 8 available
 Memory: 20269M
 Large Page Support: Disabled
 NUMA Support: Disabled
 Compressed Oops: Enabled (Zero based)
 Heap Region Size: 4M
 Heap Min Capacity: 8M
 Heap Initial Capacity: 320M
 Heap Max Capacity: 5068M
 Pre-touch: Disabled
 Parallel Workers: 8
 Concurrent Workers: 2
 Concurrent Refinement Workers: 8
 Periodic GC: Disabled
Heap:
 garbage-first heap   total 98304K, used 34405K [0x00000006c3400000, 0x0000000800000000)
  region size 4096K, 5 young (20480K), 2 survivors (8192K)
 Metaspace       used 60676K, committed 61184K, reserved 1105920K
  class space    used 8242K, committed 8512K, reserved 1048576K
GC Heap History (20 events):
Event: 1.470 GC heap before
{Heap before GC invocations=2 (full 0):
 garbage-first heap   total 327680K, used 44323K [0x00000006c3400000, 0x0000000800000000)
  region size 4096K, 10 young (40960K), 1 survivors (4096K)
 Metaspace       used 16880K, committed 17088K, reserved 1064960K
  class space    used 2061K, committed 2176K, reserved 1048576K
}
Event: 1.474 GC heap after
{Heap after GC invocations=3 (full 0):
 garbage-first heap   total 327680K, used 10930K [0x00000006c3400000, 0x0000000800000000)
  region size 4096K, 2 young (8192K), 2 survivors (8192K)
 Metaspace       used 16880K, committed 17088K, reserved 1064960K
  class space    used 2061K, committed 2176K, reserved 1048576K
}
Event: 2.237 GC heap before
{Heap before GC invocations=3 (full 0):
 garbage-first heap   total 327680K, used 39602K [0x00000006c3400000, 0x0000000800000000)
  region size 4096K, 10 young (40960K), 2 survivors (8192K)
 Metaspace       used 21252K, committed 21504K, reserved 1073152K
  class space    used 2652K, committed 2752K, reserved 1048576K
}
Event: 2.241 GC heap after
{Heap after GC invocations=4 (full 0):
 garbage-first heap   total 327680K, used 12891K [0x00000006c3400000, 0x0000000800000000)
  region size 4096K, 2 young (8192K), 2 survivors (8192K)
 Metaspace       used 21252K, committed 21504K, reserved 1073152K
  class space    used 2652K, committed 2752K, reserved 1048576K
}
Event: 3.160 GC heap before
{Heap before GC invocations=5 (full 0):
 garbage-first heap   total 69632K, used 45659K [0x00000006c3400000, 0x0000000800000000)
  region size 4096K, 10 young (40960K), 2 survivors (8192K)
 Metaspace       used 28662K, committed 29120K, reserved 1081344K
  class space    used 3612K, committed 3840K, reserved 1048576K
}
Event: 3.170 GC heap after
{Heap after GC invocations=6 (full 0):
 garbage-first heap   total 69632K, used 16248K [0x00000006c3400000, 0x0000000800000000)
  region size 4096K, 2 young (8192K), 2 survivors (8192K)
 Metaspace       used 28662K, committed 29120K, reserved 1081344K
  class space    used 3612K, committed 3840K, reserved 1048576K
}
Event: 3.251 GC heap before
{Heap before GC invocations=6 (full 0):
 garbage-first heap   total 69632K, used 20344K [0x00000006c3400000, 0x0000000800000000)
  region size 4096K, 3 young (12288K), 2 survivors (8192K)
 Metaspace       used 30008K, committed 30464K, reserved 1081344K
  class space    used 3750K, committed 3968K, reserved 1048576K
}
Event: 3.259 GC heap after
{Heap after GC invocations=7 (full 0):
 garbage-first heap   total 69632K, used 17248K [0x00000006c3400000, 0x0000000800000000)
  region size 4096K, 1 young (4096K), 1 survivors (4096K)
 Metaspace       used 30008K, committed 30464K, reserved 1081344K
  class space    used 3750K, committed 3968K, reserved 1048576K
}
Event: 3.762 GC heap before
{Heap before GC invocations=7 (full 0):
 garbage-first heap   total 69632K, used 41824K [0x00000006c3400000, 0x0000000800000000)
  region size 4096K, 7 young (28672K), 1 survivors (4096K)
 Metaspace       used 35658K, committed 36032K, reserved 1081344K
  class space    used 4502K, committed 4672K, reserved 1048576K
}
Event: 3.768 GC heap after
{Heap after GC invocations=8 (full 0):
 garbage-first heap   total 69632K, used 18864K [0x00000006c3400000, 0x0000000800000000)
  region size 4096K, 1 young (4096K), 1 survivors (4096K)
 Metaspace       used 35658K, committed 36032K, reserved 1081344K
  class space    used 4502K, committed 4672K, reserved 1048576K
}
Event: 3.775 GC heap before
{Heap before GC invocations=8 (full 0):
 garbage-first heap   total 69632K, used 18864K [0x00000006c3400000, 0x0000000800000000)
  region size 4096K, 2 young (8192K), 1 survivors (4096K)
 Metaspace       used 35758K, committed 36096K, reserved 1081344K
  class space    used 4522K, committed 4672K, reserved 1048576K
}
Event: 3.777 GC heap after
{Heap after GC invocations=9 (full 0):
 garbage-first heap   total 200704K, used 19013K [0x00000006c3400000, 0x0000000800000000)
  region size 4096K, 1 young (4096K), 1 survivors (4096K)
 Metaspace       used 35758K, committed 36096K, reserved 1081344K
  class space    used 4522K, committed 4672K, reserved 1048576K
}
Event: 4.937 GC heap before
{Heap before GC invocations=10 (full 0):
 garbage-first heap   total 98304K, used 80453K [0x00000006c3400000, 0x0000000800000000)
  region size 4096K, 17 young (69632K), 1 survivors (4096K)
 Metaspace       used 52264K, committed 52736K, reserved 1097728K
  class space    used 7108K, committed 7360K, reserved 1048576K
}
Event: 4.940 GC heap after
{Heap after GC invocations=11 (full 0):
 garbage-first heap   total 98304K, used 21796K [0x00000006c3400000, 0x0000000800000000)
  region size 4096K, 1 young (4096K), 1 survivors (4096K)
 Metaspace       used 52264K, committed 52736K, reserved 1097728K
  class space    used 7108K, committed 7360K, reserved 1048576K
}
Event: 5.021 GC heap before
{Heap before GC invocations=11 (full 0):
 garbage-first heap   total 98304K, used 25892K [0x00000006c3400000, 0x0000000800000000)
  region size 4096K, 2 young (8192K), 1 survivors (4096K)
 Metaspace       used 53289K, committed 53760K, reserved 1097728K
  class space    used 7280K, committed 7552K, reserved 1048576K
}
Event: 5.024 GC heap after
{Heap after GC invocations=12 (full 0):
 garbage-first heap   total 98304K, used 22253K [0x00000006c3400000, 0x0000000800000000)
  region size 4096K, 1 young (4096K), 1 survivors (4096K)
 Metaspace       used 53289K, committed 53760K, reserved 1097728K
  class space    used 7280K, committed 7552K, reserved 1048576K
}
Event: 5.772 GC heap before
{Heap before GC invocations=12 (full 0):
 garbage-first heap   total 98304K, used 63213K [0x00000006c3400000, 0x0000000800000000)
  region size 4096K, 12 young (49152K), 1 survivors (4096K)
 Metaspace       used 57593K, committed 58048K, reserved 1105920K
  class space    used 7825K, committed 8064K, reserved 1048576K
}
Event: 5.776 GC heap after
{Heap after GC invocations=13 (full 0):
 garbage-first heap   total 98304K, used 24274K [0x00000006c3400000, 0x0000000800000000)
  region size 4096K, 1 young (4096K), 1 survivors (4096K)
 Metaspace       used 57593K, committed 58048K, reserved 1105920K
  class space    used 7825K, committed 8064K, reserved 1048576K
}
Event: 6.272 GC heap before
{Heap before GC invocations=13 (full 0):
 garbage-first heap   total 98304K, used 44754K [0x00000006c3400000, 0x0000000800000000)
  region size 4096K, 7 young (28672K), 1 survivors (4096K)
 Metaspace       used 60128K, committed 60608K, reserved 1105920K
  class space    used 8155K, committed 8384K, reserved 1048576K
}
Event: 6.276 GC heap after
{Heap after GC invocations=14 (full 0):
 garbage-first heap   total 98304K, used 26213K [0x00000006c3400000, 0x0000000800000000)
  region size 4096K, 2 young (8192K), 2 survivors (8192K)
 Metaspace       used 60128K, committed 60608K, reserved 1105920K
  class space    used 8155K, committed 8384K, reserved 1048576K
}

